==========================================
  TabRL — Frozen Backbone Pretraining
  Job ID:    10449957
  Node:      nova21-gpu-2
  Start:     Sat Apr 18 02:50:29 AM CDT 2026
==========================================

GPUs available:
0, NVIDIA A100-SXM4-80GB, 81920 MiB
1, NVIDIA A100-SXM4-80GB, 81920 MiB
2, NVIDIA A100-SXM4-80GB, 81920 MiB
3, NVIDIA A100-SXM4-80GB, 81920 MiB

[TabRL] Environment activated
  MINARI_DATASETS_PATH = /work/mech-ai-scratch/supersai/TIARA/minari_datasets
  PYTHONPATH           = /work/mech-ai-scratch/supersai::/home/scslab/CARLA_0.9.15/PythonAPI/carla/dist/carla-0.9.15-py3.7-linux-x86_64.egg:/home/scslab/CARLA_0.9.15/PythonAPI/carla/dist/carla-0.9.15-py3.7-linux-x86_64.egg

[DDP] World size: 4 GPUs
[DDP] Effective batch size: 1024

[DDP] Building dataset on rank 0 ...
[D4RL] Loading mujoco/hopper/medium-v0 ...[D4RL] Loading mujoco/hopper/medium-v0 ...

[D4RL] Loading mujoco/hopper/medium-v0 ...
[D4RL] Loading mujoco/hopper/medium-v0 ...
[D4RL]      999,404 transitions | obs=11  act=3
[D4RL]      999,404 transitions | obs=11  act=3
[D4RL]      999,404 transitions | obs=11  act=3
[D4RL]      999,404 transitions | obs=11  act=3
[D4RL] Loading mujoco/hopper/simple-v0 ...
[D4RL] Loading mujoco/hopper/simple-v0 ...
[D4RL] Loading mujoco/hopper/simple-v0 ...
[D4RL] Loading mujoco/hopper/simple-v0 ...
[D4RL]      999,206 transitions | obs=11  act=3
[D4RL]      999,206 transitions | obs=11  act=3
[D4RL]      999,206 transitions | obs=11  act=3
[D4RL]      999,206 transitions | obs=11  act=3
[D4RL] Loading mujoco/hopper/expert-v0 ...
[D4RL] Loading mujoco/hopper/expert-v0 ...
[D4RL] Loading mujoco/hopper/expert-v0 ...
[D4RL] Loading mujoco/hopper/expert-v0 ...
[D4RL]      999,164 transitions | obs=11  act=3
[D4RL]      999,164 transitions | obs=11  act=3
[D4RL]      999,164 transitions | obs=11  act=3
[D4RL]      999,164 transitions | obs=11  act=3
[D4RL] Loading mujoco/halfcheetah/medium-v0 ...
[D4RL] Loading mujoco/halfcheetah/medium-v0 ...
[D4RL] Loading mujoco/halfcheetah/medium-v0 ...
[D4RL] Loading mujoco/halfcheetah/medium-v0 ...
[D4RL]    1,000,000 transitions | obs=17  act=6
[D4RL]    1,000,000 transitions | obs=17  act=6
[D4RL]    1,000,000 transitions | obs=17  act=6
[D4RL]    1,000,000 transitions | obs=17  act=6
[D4RL] Loading mujoco/halfcheetah/simple-v0 ...
[D4RL] Loading mujoco/halfcheetah/simple-v0 ...
[D4RL] Loading mujoco/halfcheetah/simple-v0 ...
[D4RL] Loading mujoco/halfcheetah/simple-v0 ...
[D4RL]    1,000,000 transitions | obs=17  act=6
[D4RL]    1,000,000 transitions | obs=17  act=6
[D4RL]    1,000,000 transitions | obs=17  act=6
[D4RL]    1,000,000 transitions | obs=17  act=6
[D4RL] Loading mujoco/halfcheetah/expert-v0 ...
[D4RL] Loading mujoco/halfcheetah/expert-v0 ...
[D4RL] Loading mujoco/halfcheetah/expert-v0 ...
[D4RL] Loading mujoco/halfcheetah/expert-v0 ...
[D4RL]    1,000,000 transitions | obs=17  act=6[D4RL]    1,000,000 transitions | obs=17  act=6

[D4RL]    1,000,000 transitions | obs=17  act=6
[D4RL]    1,000,000 transitions | obs=17  act=6
[D4RL] Loading mujoco/walker2d/medium-v0 ...
[D4RL] Loading mujoco/walker2d/medium-v0 ...
[D4RL] Loading mujoco/walker2d/medium-v0 ...
[D4RL] Loading mujoco/walker2d/medium-v0 ...
[D4RL]      999,613 transitions | obs=17  act=6[D4RL]      999,613 transitions | obs=17  act=6

[D4RL]      999,613 transitions | obs=17  act=6
[D4RL]      999,613 transitions | obs=17  act=6
[D4RL] Loading mujoco/walker2d/simple-v0 ...
[D4RL] Loading mujoco/walker2d/simple-v0 ...
[D4RL] Loading mujoco/walker2d/simple-v0 ...
[D4RL] Loading mujoco/walker2d/simple-v0 ...
[D4RL]      999,942 transitions | obs=17  act=6
[D4RL]      999,942 transitions | obs=17  act=6
[D4RL]      999,942 transitions | obs=17  act=6
[D4RL]      999,942 transitions | obs=17  act=6
[D4RL] Loading mujoco/walker2d/expert-v0 ...
[D4RL] Loading mujoco/walker2d/expert-v0 ...
[D4RL] Loading mujoco/walker2d/expert-v0 ...
[D4RL] Loading mujoco/walker2d/expert-v0 ...
[D4RL]      999,190 transitions | obs=17  act=6
[D4RL]      999,190 transitions | obs=17  act=6
[D4RL]      999,190 transitions | obs=17  act=6
[D4RL]      999,190 transitions | obs=17  act=6

[MultiEnvDataset] 9 environments loaded:
  hopper-medium-v0                           999,340 samples
  hopper-simple-v0                           999,142 samples
  hopper-expert-v0                           999,100 samples
  halfcheetah-medium-v0                      999,936 samples
  halfcheetah-simple-v0                      999,936 samples
  halfcheetah-expert-v0                      999,936 samples
  walker2d-medium-v0                         999,549 samples
  walker2d-simple-v0                         999,878 samples
  walker2d-expert-v0                         999,126 samples
  Total                                     8,995,943 samples


[MultiEnvDataset] 9 environments loaded:
  hopper-medium-v0                           999,340 samples
  hopper-simple-v0                           999,142 samples
  hopper-expert-v0                           999,100 samples
  halfcheetah-medium-v0                      999,936 samples
  halfcheetah-simple-v0                      999,936 samples
  halfcheetah-expert-v0                      999,936 samples
  walker2d-medium-v0                         999,549 samples
  walker2d-simple-v0                         999,878 samples
  walker2d-expert-v0                         999,126 samples
  Total                                     8,995,943 samples


[MultiEnvDataset] 9 environments loaded:
  hopper-medium-v0                           999,340 samples
  hopper-simple-v0                           999,142 samples
  hopper-expert-v0                           999,100 samples
  halfcheetah-medium-v0                      999,936 samples
  halfcheetah-simple-v0                      999,936 samples
  halfcheetah-expert-v0                      999,936 samples
  walker2d-medium-v0                         999,549 samples
  walker2d-simple-v0                         999,878 samples
  walker2d-expert-v0                         999,126 samples
  Total                                     8,995,943 samples

[DDP] Dataset size: 8,995,943
[DDP] Per-GPU batch: 256
[DDP] Effective batch: 1024
[DDP] Padded feature_dim: 23

[MultiEnvDataset] 9 environments loaded:
  hopper-medium-v0                           999,340 samples
  hopper-simple-v0                           999,142 samples
  hopper-expert-v0                           999,100 samples
  halfcheetah-medium-v0                      999,936 samples
  halfcheetah-simple-v0                      999,936 samples
  halfcheetah-expert-v0                      999,936 samples
  walker2d-medium-v0                         999,549 samples
  walker2d-simple-v0                         999,878 samples
  walker2d-expert-v0                         999,126 samples
  Total                                     8,995,943 samples

[Backbone] Loading TabPFN pretrained weights ...
[Backbone] Loading TabPFN pretrained weights ...
[Backbone] Encoder loaded — 10,186,760 parameters
[Backbone] Output dim: 384 (pre-decoder representation)
[Backbone] Output head (5000-bin) discarded — replaced by RL heads
[Agent] Backbone frozen — only training heads
[Backbone] Encoder loaded — 10,186,760 parameters
[Backbone] Output dim: 384 (pre-decoder representation)
[Backbone] Output head (5000-bin) discarded — replaced by RL heads
[Agent] Backbone frozen — only training heads
[Backbone] Loading TabPFN pretrained weights ...
[Backbone] Loading TabPFN pretrained weights ...
[Backbone] Encoder loaded — 10,186,760 parameters
[Backbone] Output dim: 384 (pre-decoder representation)
[Backbone] Output head (5000-bin) discarded — replaced by RL heads
[Agent] Backbone frozen — only training heads
[Backbone] Encoder loaded — 10,186,760 parameters
[Backbone] Output dim: 384 (pre-decoder representation)
[Backbone] Output head (5000-bin) discarded — replaced by RL heads
[Agent] Backbone frozen — only training heads
[Logger] W&B run: ddp4gpu_ctx64_K16_frozen_seed42  url: https://wandb.ai/supersai/tabrl/runs/yntp4k4p

============================================================
  DDP Pretraining: 200,000 steps
  GPUs: 4  Local rank: 0
  Save dir: /work/mech-ai-scratch/supersai/TIARA/frozen_4gpu_h200/ddp4gpu_ctx64_K16_frozen_seed42
============================================================

